
========== rung q=8 ==========
  (6, 5, 5, 5, 5) d=0: 105/609 hand-covered (17%). residue by (I,eprofile): {(5, (4, 1, 0, 0, 0)): 7, (6, (4, 1, 1, 0, 0)): 9, (6, (4, 2, 0, 0, 0)): 14, (6, (5, 1, 0, 0, 0)): 9, (7, (4, 1, 1, 1, 0)): 9, (7, (4, 2, 1, 0, 0)): 18} ...
  (6, 6, 5, 5, 4) d=1: 0/45 hand-covered (0%). residue by (I,eprofile): {(8, (4, 4, 0, 0, 0)): 45}
  (7, 5, 5, 5, 4) d=2: 147/238 hand-covered (62%). residue by (I,eprofile): {(7, (6, 1, 0, 0, 0)): 10, (8, (6, 1, 1, 0, 0)): 12, (8, (6, 2, 0, 0, 0)): 20, (8, (7, 1, 0, 0, 0)): 49}
  (8, 5, 5, 5, 3) d=6: 1/3 hand-covered (33%). residue by (I,eprofile): {(8, (8, 0, 0, 0, 0)): 2}
  (8, 5, 5, 4, 4) d=5: 0/3 hand-covered (0%). residue by (I,eprofile): {(8, (8, 0, 0, 0, 0)): 3}
  (7, 6, 5, 5, 3) d=4: 0/0 hand-covered (100%). residue by (I,eprofile): {}
  (7, 6, 5, 4, 4) d=3: 0/0 hand-covered (100%). residue by (I,eprofile): {}
  TOTAL q=8: 253/898 hand-covered (28%); residue 645 need machine.

========== rung q=9 ==========
  (6, 5, 5, 5, 5) d=0: 116/1374 hand-covered (8%). residue by (I,eprofile): {(5, (4, 1, 0, 0, 0)): 7, (6, (4, 1, 1, 0, 0)): 9, (6, (4, 2, 0, 0, 0)): 18, (6, (5, 1, 0, 0, 0)): 15, (7, (4, 1, 1, 1, 0)): 9, (7, (4, 2, 1, 0, 0)): 18} ...
  (6, 6, 5, 5, 4) d=1: 0/270 hand-covered (0%). residue by (I,eprofile): {(8, (4, 4, 0, 0, 0)): 45, (9, (4, 4, 1, 0, 0)): 90, (9, (5, 4, 0, 0, 0)): 135}
  (7, 5, 5, 5, 4) d=2: 250/822 hand-covered (30%). residue by (I,eprofile): {(7, (6, 1, 0, 0, 0)): 10, (8, (6, 1, 1, 0, 0)): 12, (8, (6, 2, 0, 0, 0)): 24, (8, (7, 1, 0, 0, 0)): 68, (9, (6, 1, 1, 1, 0)): 12, (9, (6, 2, 1, 0, 0)): 36} ...
  (8, 5, 5, 5, 3) d=6: 11/23 hand-covered (48%). residue by (I,eprofile): {(8, (8, 0, 0, 0, 0)): 2, (9, (8, 1, 0, 0, 0)): 5, (9, (9, 0, 0, 0, 0)): 5}
  (8, 5, 5, 4, 4) d=5: 0/23 hand-covered (0%). residue by (I,eprofile): {(8, (8, 0, 0, 0, 0)): 3, (9, (8, 1, 0, 0, 0)): 6, (9, (9, 0, 0, 0, 0)): 14}
  (7, 6, 5, 5, 3) d=4: 0/0 hand-covered (100%). residue by (I,eprofile): {}
  (7, 6, 5, 4, 4) d=3: 0/0 hand-covered (100%). residue by (I,eprofile): {}
  TOTAL q=9: 377/2512 hand-covered (15%); residue 2135 need machine.

========== rung q=10 ==========
  (6, 5, 5, 5, 5) d=0: 129/2952 hand-covered (4%). residue by (I,eprofile): {(5, (4, 1, 0, 0, 0)): 9, (6, (4, 1, 1, 0, 0)): 9, (6, (4, 2, 0, 0, 0)): 18, (6, (5, 1, 0, 0, 0)): 15, (7, (4, 1, 1, 1, 0)): 9, (7, (4, 2, 1, 0, 0)): 18} ...
  (6, 6, 5, 5, 4) d=1: 0/1119 hand-covered (0%). residue by (I,eprofile): {(8, (4, 4, 0, 0, 0)): 45, (9, (4, 4, 1, 0, 0)): 90, (9, (5, 4, 0, 0, 0)): 135, (10, (4, 4, 1, 1, 0)): 90, (10, (4, 4, 2, 0, 0)): 180, (10, (5, 4, 1, 0, 0)): 270} ...
  (7, 5, 5, 5, 4) d=2: 396/2422 hand-covered (16%). residue by (I,eprofile): {(7, (6, 1, 0, 0, 0)): 12, (8, (6, 1, 1, 0, 0)): 12, (8, (6, 2, 0, 0, 0)): 24, (8, (7, 1, 0, 0, 0)): 68, (9, (6, 1, 1, 1, 0)): 12, (9, (6, 2, 1, 0, 0)): 36} ...
